<?xml version="1.0" encoding="UTF-8"?>
<testsuite name="spring.circuit.application.CircuitBreakerServiceTest" tests="1" skipped="0" failures="0" errors="0" timestamp="2025-03-03T02:53:52" hostname="Hoyoungui-MacBookPro.local" time="4.689">
  <properties/>
  <testcase name="서킷브레이커 테스트" classname="spring.circuit.application.CircuitBreakerServiceTest" time="4.689"/>
  <system-out><![CDATA[11:53:51.042 [Test worker] INFO org.springframework.test.context.support.AnnotationConfigContextLoaderUtils -- Could not detect default configuration classes for test class [spring.circuit.application.CircuitBreakerServiceTest]: CircuitBreakerServiceTest does not declare any static, non-private, non-final, nested classes annotated with @Configuration.
11:53:51.105 [Test worker] INFO org.springframework.boot.test.context.SpringBootTestContextBootstrapper -- Found @SpringBootConfiguration spring.circuit.CircuitApplication for test class spring.circuit.application.CircuitBreakerServiceTest

  .   ____          _            __ _ _
 /\\ / ___'_ __ _ _(_)_ __  __ _ \ \ \ \
( ( )\___ | '_ | '_| | '_ \/ _` | \ \ \ \
 \\/  ___)| |_)| | | | | || (_| |  ) ) ) )
  '  |____| .__|_| |_|_| |_\__, | / / / /
 =========|_|==============|___/=/_/_/_/

 :: Spring Boot ::                (v3.4.3)

2025-03-03T11:53:51.348+09:00  INFO 9626 --- [circuit] [    Test worker] s.c.a.CircuitBreakerServiceTest          : Starting CircuitBreakerServiceTest using Java 17.0.14 with PID 9626 (started by hoyoungjeon in /Users/hoyoungjeon/dev/kurtfarm/sprout/circuit/circuit-server)
2025-03-03T11:53:51.349+09:00  INFO 9626 --- [circuit] [    Test worker] s.c.a.CircuitBreakerServiceTest          : No active profile set, falling back to 1 default profile: "default"
2025-03-03T11:53:52.114+09:00  INFO 9626 --- [circuit] [    Test worker] s.c.a.CircuitBreakerServiceTest          : Started CircuitBreakerServiceTest in 0.929 seconds (process running for 1.573)
성공 횟수: 103
4xx대 에러 횟수: 12
5xx대 에러 횟수: 19
callNotPermittedException 횟수: 866
]]></system-out>
  <system-err><![CDATA[]]></system-err>
</testsuite>
